<?xml version="1.0" encoding="utf-8"?>
<test-run id="2" testcasecount="1" result="Failed(Child)" total="1" passed="0" failed="1" inconclusive="0" skipped="0" asserts="0" engine-version="3.5.0.0" clr-version="4.0.30319.42000" start-time="2025-11-23 17:37:34Z" end-time="2025-11-23 17:37:35Z" duration="0,4526309">
  <test-suite type="TestSuite" id="1013" name="GOTY2026" fullname="GOTY2026" runstate="Runnable" testcasecount="4" result="Failed" site="Child" start-time="2025-11-23 17:37:34Z" end-time="2025-11-23 17:37:35Z" duration="0.452631" total="1" passed="0" failed="1" inconclusive="0" skipped="0" asserts="0">
    <properties>
      <property name="platform" value="PlayMode" />
    </properties>
    <failure>
      <message><![CDATA[One or more child tests had errors]]></message>
    </failure>
    <test-suite type="Assembly" id="1009" name="Assembly-CSharp.dll" fullname="C:/Users/mende/OneDrive/Documentos/GitHub/GOTY2026/GOTY2026/Library/ScriptAssemblies/Assembly-CSharp.dll" runstate="Runnable" testcasecount="4" result="Failed" site="Child" start-time="2025-11-23 17:37:34Z" end-time="2025-11-23 17:37:35Z" duration="0.378671" total="1" passed="0" failed="1" inconclusive="0" skipped="0" asserts="0">
      <properties>
        <property name="_PID" value="20456" />
        <property name="_APPDOMAIN" value="Unity Child Domain" />
        <property name="platform" value="PlayMode" />
        <property name="EditorOnly" value="False" />
      </properties>
      <failure>
        <message><![CDATA[One or more child tests had errors]]></message>
      </failure>
      <test-suite type="TestFixture" id="1005" name="TestMisilero" fullname="TestMisilero" classname="TestMisilero" runstate="Runnable" testcasecount="1" result="Failed" site="Child" start-time="2025-11-23 17:37:34Z" end-time="2025-11-23 17:37:35Z" duration="0.345334" total="1" passed="0" failed="1" inconclusive="0" skipped="0" asserts="0">
        <properties />
        <failure>
          <message><![CDATA[One or more child tests had errors]]></message>
        </failure>
        <test-case id="1006" name="TestMisileroPattern" fullname="TestMisilero.TestMisileroPattern" methodname="TestMisileroPattern" classname="TestMisilero" runstate="Runnable" seed="814629233" result="Failed" start-time="2025-11-23 17:37:34Z" end-time="2025-11-23 17:37:35Z" duration="0.216077" asserts="0">
          <properties>
            <property name="retryIteration" value="0" />
            <property name="repeatIteration" value="0" />
          </properties>
          <failure>
            <message><![CDATA[  Expected: equivalent to < (6.00, 2.00), (5.00, 2.00), (4.00, 2.00), (4.00, 2.00), (4.00, 3.00), (4.00, 1.00), (3.00, 2.00), (3.00, 4.00), (3.00, 0.00), (2.00, 2.00), (2.00, 5.00), (2.00, -1.00), (1.00, 2.00), (1.00, 6.00), (1.00, -2.00), (0.00, 2.00), (0.00, 7.00), (0.00, -3.00) >
  But was:  < (6.00, 2.00), (5.00, 2.00), (4.00, 2.00), (3.00, 2.00), (3.00, 3.00), (3.00, 1.00), (2.00, 2.00), (2.00, 4.00), (2.00, 0.00), (1.00, 2.00), (1.00, 5.00), (1.00, -1.00), (0.00, 2.00), (0.00, 6.00), (0.00, -2.00) >
]]></message>
            <stack-trace><![CDATA[at NUnit.Framework.CollectionAssert.AreEquivalent (System.Collections.IEnumerable expected, System.Collections.IEnumerable actual, System.String message, System.Object[] args) [0x00007] in <f577cd9686154d6ab10efd7e65e64366>:0
at NUnit.Framework.CollectionAssert.AreEquivalent (System.Collections.IEnumerable expected, System.Collections.IEnumerable actual) [0x00000] in <f577cd9686154d6ab10efd7e65e64366>:0
at TestMisilero.TestMisileroPattern () [0x00391] in C:\Users\mende\OneDrive\Documentos\GitHub\GOTY2026\GOTY2026\Assets\Scripts\Tests\TestMisilero.cs:74
]]></stack-trace>
          </failure>
          <output><![CDATA[Saving results to: C:/Users/mende/AppData/LocalLow/DefaultCompany/GOTY2026\TestResults.xml
]]></output>
        </test-case>
      </test-suite>
    </test-suite>
  </test-suite>
</test-run>